0.582636
-0.333118
-0.0688277
-0.856145
-0.587505
-1.61363
-0.886986
-0.973287
-1.55814
-1.45033
0.285126
0.423387
1.54696
-0.0717858
-0.00161682
-0.25248
-0.792778
1.05248
-0.121565
0.591557
-0.344029
-1.54398
0.379487
0.786726
1.01095
-1.53756
-0.143134
1.44012
-0.951774
-0.60822
-2.05508
-1.93968
1.19374
-0.368221
-0.177336
0.489784
-0.070514
-0.0750917
-0.33198
-0.161624
-0.0820943
-0.338065
-0.671781
1.04385
1.17227
0.0931915
-0.672593
0.195639
0.345274
-1.6093
-0.717406
1.6462
-1.82796
0.858803
-2.00834
-1.232
0.327567
0.101483
1.55259
0.934897
-0.0755643
-0.0556138
1.39458
1.34419
0.227828
1.58827
-0.0833509
-0.241935
0.34299
-0.240365
1.54101
-0.164323
0.618506
0.0916048
-0.164564
-0.364802
0.305619
-0.798759
-0.745425
0.314442
1.42703
1.02603
0.0141794
0.274815
0.20996
-0.753136
1.02884
-1.92214
-1.06573
-0.0281865
0.0698919
-1.23582
0.372211
-0.442308
0.259174
0.357918
-1.01945
0.389898
-0.0369716
-1.89107
